#
# There is insufficient memory for the Java Runtime Environment to continue.
# Native memory allocation (mmap) failed to map 132120576 bytes for G1 virtual space
# Possible reasons:
#   The system is out of physical RAM or swap space
#   The process is running with CompressedOops enabled, and the Java Heap may be blocking the growth of the native heap
# Possible solutions:
#   Reduce memory load on the system
#   Increase physical memory or swap space
#   Check if swap backing store is full
#   Decrease Java heap size (-Xmx/-Xms)
#   Decrease number of Java threads
#   Decrease Java thread stack sizes (-Xss)
#   Set larger code cache with -XX:ReservedCodeCacheSize=
#   JVM is running with Unscaled Compressed Oops mode in which the Java heap is
#     placed in the first 4GB address space. The Java Heap base address is the
#     maximum limit for the native heap growth. Please use -XX:HeapBaseMinAddress
#     to set the Java Heap base and to place the Java Heap above 4GB virtual address.
# This output file may be truncated or incomplete.
#
#  Out of Memory Error (os_windows.cpp:3541), pid=10164, tid=5676
#
# JRE version:  (17.0.4.1+1) (build )
# Java VM: OpenJDK 64-Bit Server VM (17.0.4.1+1, mixed mode, sharing, tiered, compressed oops, compressed class ptrs, g1 gc, windows-amd64)
# No core dump will be written. Minidumps are not enabled by default on client versions of Windows
#

---------------  S U M M A R Y ------------

Command Line: -Dfile.encoding=UTF-8 --module-path=C:\Users\usuario\Documents\java\Ventas\bin;C:\Program Files (x86)\MySQL\Connector J 8.0\mysql-connector-java-8.0.30.jar -XX:+ShowCodeDetailsInExceptionMessages -Djdk.module.main=Ventas Ventas/Ventas.subscripciones

Host: Intel(R) Core(TM) i5-10400 CPU @ 2.90GHz, 12 cores, 7G,  Windows 10 , 64 bit Build 19041 (10.0.19041.2913)
Time: Thu May 11 11:07:09 2023 Hora de ver. Europa Occidental elapsed time: 0.006295 seconds (0d 0h 0m 0s)

---------------  T H R E A D  ---------------

Current thread (0x000002bf49980150):  JavaThread "Unknown thread" [_thread_in_vm, id=5676, stack(0x000000bfd5800000,0x000000bfd5900000)]

Stack: [0x000000bfd5800000,0x000000bfd5900000]
Native frames: (J=compiled Java code, j=interpreted, Vv=VM code, C=native code)
V  [jvm.dll+0x67731a]
V  [jvm.dll+0x832284]
V  [jvm.dll+0x833a2e]
V  [jvm.dll+0x834093]
V  [jvm.dll+0x245775]
V  [jvm.dll+0x674209]
V  [jvm.dll+0x668a92]
V  [jvm.dll+0x30471b]
V  [jvm.dll+0x30bc66]
V  [jvm.dll+0x35ba9e]
V  [jvm.dll+0x35bccf]
V  [jvm.dll+0x2db5b8]
V  [jvm.dll+0x2dc524]
V  [jvm.dll+0x803db1]
V  [jvm.dll+0x3698f1]
V  [jvm.dll+0x7e31bc]
V  [jvm.dll+0x3ec25f]
V  [jvm.dll+0x3edde1]
C  [jli.dll+0x5277]
C  [ucrtbase.dll+0x21bb2]
C  [KERNEL32.DLL+0x17614]
C  [ntdll.dll+0x526a1]


---------------  P R O C E S S  ---------------

Threads class SMR info:
_java_thread_list=0x00007ffa23954e98, length=0, elements={
}

Java Threads: ( => current thread )

Other Threads:
  0x000002bf499d9c00 GCTaskThread "GC Thread#0" [stack: 0x000000bfd5900000,0x000000bfd5a00000] [id=7532]
  0x000002bf499eacb0 ConcurrentGCThread "G1 Main Marker" [stack: 0x000000bfd5a00000,0x000000bfd5b00000] [id=12564]
  0x000002bf499ec5e0 ConcurrentGCThread "G1 Conc#0" [stack: 0x000000bfd5b00000,0x000000bfd5c00000] [id=10084]

[error occurred during error reporting (printing all threads), id 0xc0000005, EXCEPTION_ACCESS_VIOLATION (0xc0000005) at pc=0x00007ffa2312c047]

VM state: not at safepoint (not fully initialized)

VM Mutex/Monitor currently owned by a thread:  ([mutex/lock_event])
[0x000002bf4997cde0] Heap_lock - owner thread: 0x000002bf49980150

Heap address: 0x0000000082a00000, size: 2006 MB, Compressed Oops mode: 32-bit

CDS archive(s) mapped at: [0x0000000000000000-0x0000000000000000-0x0000000000000000), size 0, SharedBaseAddress: 0x0000000800000000, ArchiveRelocationMode: 0.
Narrow klass base: 0x0000000000000000, Narrow klass shift: 0, Narrow klass range: 0x0

GC Precious Log:
<Empty>

Heap:
 garbage-first heap   total 0K, used 0K [0x0000000082a00000, 0x0000000100000000)
  region size 1024K, 0 young (0K), 0 survivors (0K)

[error occurred during error reporting (printing heap information), id 0xc0000005, EXCEPTION_ACCESS_VIOLATION (0xc0000005) at pc=0x00007ffa23510699]

GC Heap History (0 events):
No events

Deoptimization events (0 events):
No events

Classes unloaded (0 events):
No events

Classes redefined (0 events):
No events

Internal exceptions (0 events):
No events

VM Operations (0 events):
No events

Events (1 events):
Event: 0.004 Loaded shared library C:\Users\usuario\eclipse\plugins\org.eclipse.justj.openjdk.hotspot.jre.full.win32.x86_64_17.0.4.v20220903-1038\jre\bin\java.dll


Dynamic libraries:
0x00007ff7e0650000 - 0x00007ff7e065e000 	C:\Users\usuario\eclipse\plugins\org.eclipse.justj.openjdk.hotspot.jre.full.win32.x86_64_17.0.4.v20220903-1038\jre\bin\javaw.exe
0x00007ffa70870000 - 0x00007ffa70a68000 	C:\Windows\SYSTEM32\ntdll.dll
0x00007ffa6f7f0000 - 0x00007ffa6f8af000 	C:\Windows\System32\KERNEL32.DLL
0x00007ffa6e2f0000 - 0x00007ffa6e5e6000 	C:\Windows\System32\KERNELBASE.dll
0x00007ffa6e060000 - 0x00007ffa6e160000 	C:\Windows\System32\ucrtbase.dll
0x00007ffa65d30000 - 0x00007ffa65d48000 	C:\Users\usuario\eclipse\plugins\org.eclipse.justj.openjdk.hotspot.jre.full.win32.x86_64_17.0.4.v20220903-1038\jre\bin\jli.dll
0x00007ffa5e180000 - 0x00007ffa5e199000 	C:\Users\usuario\eclipse\plugins\org.eclipse.justj.openjdk.hotspot.jre.full.win32.x86_64_17.0.4.v20220903-1038\jre\bin\VCRUNTIME140.dll
0x00007ffa6f450000 - 0x00007ffa6f5ed000 	C:\Windows\System32\USER32.dll
0x00007ffa6e780000 - 0x00007ffa6e7a2000 	C:\Windows\System32\win32u.dll
0x00007ffa5c040000 - 0x00007ffa5c2da000 	C:\Windows\WinSxS\amd64_microsoft.windows.common-controls_6595b64144ccf1df_6.0.19041.1110_none_60b5254171f9507e\COMCTL32.dll
0x00007ffa70630000 - 0x00007ffa7065c000 	C:\Windows\System32\GDI32.dll
0x00007ffa6f3b0000 - 0x00007ffa6f44e000 	C:\Windows\System32\msvcrt.dll
0x00007ffa6e7b0000 - 0x00007ffa6e8c5000 	C:\Windows\System32\gdi32full.dll
0x00007ffa6df50000 - 0x00007ffa6dfed000 	C:\Windows\System32\msvcp_win.dll
0x00007ffa6e940000 - 0x00007ffa6e970000 	C:\Windows\System32\IMM32.DLL
0x00007ffa6b100000 - 0x00007ffa6b10c000 	C:\Users\usuario\eclipse\plugins\org.eclipse.justj.openjdk.hotspot.jre.full.win32.x86_64_17.0.4.v20220903-1038\jre\bin\vcruntime140_1.dll
0x00007ffa41fa0000 - 0x00007ffa42031000 	C:\Users\usuario\eclipse\plugins\org.eclipse.justj.openjdk.hotspot.jre.full.win32.x86_64_17.0.4.v20220903-1038\jre\bin\msvcp140.dll
0x00007ffa22e40000 - 0x00007ffa23a86000 	C:\Users\usuario\eclipse\plugins\org.eclipse.justj.openjdk.hotspot.jre.full.win32.x86_64_17.0.4.v20220903-1038\jre\bin\server\jvm.dll
0x00007ffa6ea00000 - 0x00007ffa6eaaf000 	C:\Windows\System32\ADVAPI32.dll
0x00007ffa703f0000 - 0x00007ffa7048c000 	C:\Windows\System32\sechost.dll
0x00007ffa6f8b0000 - 0x00007ffa6f9d6000 	C:\Windows\System32\RPCRT4.dll
0x00007ffa6f6d0000 - 0x00007ffa6f6d8000 	C:\Windows\System32\PSAPI.DLL
0x00007ffa5a460000 - 0x00007ffa5a469000 	C:\Windows\SYSTEM32\WSOCK32.dll
0x00007ffa67950000 - 0x00007ffa6795a000 	C:\Windows\SYSTEM32\VERSION.dll
0x00007ffa5c010000 - 0x00007ffa5c037000 	C:\Windows\SYSTEM32\WINMM.dll
0x00007ffa705c0000 - 0x00007ffa7062b000 	C:\Windows\System32\WS2_32.dll
0x00007ffa6be30000 - 0x00007ffa6be42000 	C:\Windows\SYSTEM32\kernel.appcore.dll
0x00007ffa40680000 - 0x00007ffa4068a000 	C:\Users\usuario\eclipse\plugins\org.eclipse.justj.openjdk.hotspot.jre.full.win32.x86_64_17.0.4.v20220903-1038\jre\bin\jimage.dll
0x00007ffa5bc00000 - 0x00007ffa5bde4000 	C:\Windows\SYSTEM32\DBGHELP.DLL
0x00007ffa5b4e0000 - 0x00007ffa5b514000 	C:\Windows\SYSTEM32\dbgcore.DLL
0x00007ffa6e5f0000 - 0x00007ffa6e672000 	C:\Windows\System32\bcryptPrimitives.dll
0x00007ffa3a760000 - 0x00007ffa3a785000 	C:\Users\usuario\eclipse\plugins\org.eclipse.justj.openjdk.hotspot.jre.full.win32.x86_64_17.0.4.v20220903-1038\jre\bin\java.dll

dbghelp: loaded successfully - version: 4.0.5 - missing functions: none
symbol engine: initialized successfully - sym options: 0x614 - pdb path: .;C:\Users\usuario\eclipse\plugins\org.eclipse.justj.openjdk.hotspot.jre.full.win32.x86_64_17.0.4.v20220903-1038\jre\bin;C:\Windows\SYSTEM32;C:\Windows\WinSxS\amd64_microsoft.windows.common-controls_6595b64144ccf1df_6.0.19041.1110_none_60b5254171f9507e;C:\Users\usuario\eclipse\plugins\org.eclipse.justj.openjdk.hotspot.jre.full.win32.x86_64_17.0.4.v20220903-1038\jre\bin\server

VM Arguments:
jvm_args: -Dfile.encoding=UTF-8 --module-path=C:\Users\usuario\Documents\java\Ventas\bin;C:\Program Files (x86)\MySQL\Connector J 8.0\mysql-connector-java-8.0.30.jar -XX:+ShowCodeDetailsInExceptionMessages -Djdk.module.main=Ventas 
java_command: Ventas/Ventas.subscripciones
java_class_path (initial): <not set>
Launcher Type: SUN_STANDARD

[Global flags]
     intx CICompilerCount                          = 4                                         {product} {ergonomic}
     uint ConcGCThreads                            = 3                                         {product} {ergonomic}
     uint G1ConcRefinementThreads                  = 10                                        {product} {ergonomic}
   size_t G1HeapRegionSize                         = 1048576                                   {product} {ergonomic}
    uintx GCDrainStackTargetSize                   = 64                                        {product} {ergonomic}
   size_t InitialHeapSize                          = 132120576                                 {product} {ergonomic}
   size_t MarkStackSize                            = 4194304                                   {product} {ergonomic}
   size_t MaxHeapSize                              = 2103443456                                {product} {ergonomic}
   size_t MinHeapDeltaBytes                        = 1048576                                   {product} {ergonomic}
   size_t MinHeapSize                              = 8388608                                   {product} {ergonomic}
    uintx NonNMethodCodeHeapSize                   = 5839372                                {pd product} {ergonomic}
    uintx NonProfiledCodeHeapSize                  = 122909434                              {pd product} {ergonomic}
    uintx ProfiledCodeHeapSize                     = 122909434                              {pd product} {ergonomic}
    uintx ReservedCodeCacheSize                    = 251658240                              {pd product} {ergonomic}
     bool SegmentedCodeCache                       = true                                      {product} {ergonomic}
     bool ShowCodeDetailsInExceptionMessages       = true                                   {manageable} {command line}
   size_t SoftMaxHeapSize                          = 2103443456                             {manageable} {ergonomic}
     bool UseCompressedClassPointers               = true                           {product lp64_product} {ergonomic}
     bool UseCompressedOops                        = true                           {product lp64_product} {ergonomic}
     bool UseG1GC                                  = true                                      {product} {ergonomic}
     bool UseLargePagesIndividualAllocation        = false                                  {pd product} {ergonomic}

Logging:
Log output configuration:
 #0: stdout all=warning uptime,level,tags
 #1: stderr all=off uptime,level,tags

Environment Variables:
JAVA_HOME=C:\Program Files\Java\jdk-18.0.2.1
PATH=C:/Users/usuario/eclipse//plugins/org.eclipse.justj.openjdk.hotspot.jre.full.win32.x86_64_17.0.4.v20220903-1038/jre/bin/server;C:/Users/usuario/eclipse//plugins/org.eclipse.justj.openjdk.hotspot.jre.full.win32.x86_64_17.0.4.v20220903-1038/jre/bin;C:\Program Files\Java\jdk-18.0.2.1\bin;C:\Users\usuario\AppData\Local\Programs\Python\Python311;C:\app\usuario\product\21c\dbhomeXE\bin;C:\Program Files\Common Files\Oracle\Java\javapath;C:\Program Files (x86)\Common Files\Oracle\Java\javapath;C:\xampp\php\;C:\Program Files\Java\jdk-18.0.2.1\bin;C:\Windows\system32;C:\Windows;C:\Windows\System32\Wbem;C:\Windows\System32\WindowsPowerShell\v1.0\;C:\Windows\System32\OpenSSH\;C:\Program Files\Calibre2\;C:\Program Files (x86)\BaseX\bin;C:\Program Files\Git\cmd;C:\Users\usuario\AppData\Local\Programs\Python\Python311\Scripts\;C:\Users\usuario\AppData\Local\Programs\Python\Python311\;C:\Program Files\Java\jdk-18.0.2.1\bin;C:\Users\usuario\AppData\Local\Microsoft\WindowsApps;C:\Users\usuario\AppData\Local\Programs\Microsoft VS Code\bin;C:\Users\usuario\AppData\Local\GitHubDesktop\bin;C:\Users\usuario\eclipse;
USERNAME=usuario
OS=Windows_NT
PROCESSOR_IDENTIFIER=Intel64 Family 6 Model 165 Stepping 3, GenuineIntel
TMP=C:\Users\usuario\AppData\Local\Temp
TEMP=C:\Users\usuario\AppData\Local\Temp



---------------  S Y S T E M  ---------------

OS:
 Windows 10 , 64 bit Build 19041 (10.0.19041.2913)
OS uptime: 0 days 2:49 hours

CPU: total 12 (initial active 12) (6 cores per cpu, 2 threads per core) family 6 model 165 stepping 3 microcode 0xea, cx8, cmov, fxsr, ht, mmx, 3dnowpref, sse, sse2, sse3, ssse3, sse4.1, sse4.2, popcnt, lzcnt, tsc, tscinvbit, avx, avx2, aes, erms, clmul, bmi1, bmi2, adx, fma, vzeroupper, clflush, clflushopt

Memory: 4k page, system-wide physical 8016M (943M free)
TotalPageFile size 10516M (AvailPageFile size 130M)
current process WorkingSet (physical memory assigned to process): 10M, peak: 10M
current process commit charge ("private bytes"): 64M, peak: 190M

vm_info: OpenJDK 64-Bit Server VM (17.0.4.1+1) for windows-amd64 JRE (17.0.4.1+1), built on Aug 17 2022 07:42:43 by "temurin" with MS VC++ 16.7 (VS2019)

END.
